[debug] [2024-10-03T10:58:36.789Z] ----------------------------------------------------------------------
[debug] [2024-10-03T10:58:36.792Z] Command:       C:\Program Files\nodejs\node.exe C:\Users\letsee\AppData\Roaming\npm\node_modules\firebase-tools\lib\bin\firebase.js init
[debug] [2024-10-03T10:58:36.792Z] CLI Version:   13.20.2
[debug] [2024-10-03T10:58:36.792Z] Platform:      win32
[debug] [2024-10-03T10:58:36.793Z] Node Version:  v20.16.0
[debug] [2024-10-03T10:58:36.793Z] Time:          Thu Oct 03 2024 10:58:36 GMT+0000 (Coordinated Universal Time)
[debug] [2024-10-03T10:58:36.793Z] ----------------------------------------------------------------------
[debug] 
[debug] [2024-10-03T10:58:36.873Z] > command requires scopes: ["email","openid","https://www.googleapis.com/auth/cloudplatformprojects.readonly","https://www.googleapis.com/auth/firebase","https://www.googleapis.com/auth/cloud-platform"]
[debug] [2024-10-03T10:58:36.873Z] > authorizing via signed-in user (ephraimpaakwesi@gmail.com)
[info] 
     ######## #### ########  ######## ########     ###     ######  ########
     ##        ##  ##     ## ##       ##     ##  ##   ##  ##       ##
     ######    ##  ########  ######   ########  #########  ######  ######
     ##        ##  ##    ##  ##       ##     ## ##     ##       ## ##
     ##       #### ##     ## ######## ########  ##     ##  ######  ########

You're about to initialize a Firebase project in this directory:

  C:\Users\letsee\Desktop\Labs\firebase\firebase-blog

Before we get started, keep in mind:

  * You are initializing within an existing Firebase project directory

[info] 
=== Project Setup
[info] 
[info] First, let's associate this project directory with a Firebase project.
[info] You can create multiple project aliases by running firebase use --add, 
[info] but for now we'll just set up a default project.
[info] 
[debug] [2024-10-03T10:58:48.968Z] Using project from CLI flag: fir-blog-cb045
[debug] [2024-10-03T10:58:48.969Z] Checked if tokens are valid: false, expires at: 1727952082385
[debug] [2024-10-03T10:58:48.969Z] Checked if tokens are valid: false, expires at: 1727952082385
[debug] [2024-10-03T10:58:48.970Z] > refreshing access token with scopes: []
[debug] [2024-10-03T10:58:48.972Z] >>> [apiv2][query] POST https://www.googleapis.com/oauth2/v3/token [none]
[debug] [2024-10-03T10:58:48.972Z] >>> [apiv2][body] POST https://www.googleapis.com/oauth2/v3/token [omitted]
[debug] [2024-10-03T10:58:49.481Z] <<< [apiv2][status] POST https://www.googleapis.com/oauth2/v3/token 200
[debug] [2024-10-03T10:58:49.482Z] <<< [apiv2][body] POST https://www.googleapis.com/oauth2/v3/token [omitted]
[debug] [2024-10-03T10:58:49.495Z] >>> [apiv2][query] GET https://firebase.googleapis.com/v1beta1/projects/fir-blog-cb045 [none]
[debug] [2024-10-03T10:58:50.693Z] <<< [apiv2][status] GET https://firebase.googleapis.com/v1beta1/projects/fir-blog-cb045 200
[debug] [2024-10-03T10:58:50.693Z] <<< [apiv2][body] GET https://firebase.googleapis.com/v1beta1/projects/fir-blog-cb045 {"projectId":"fir-blog-cb045","projectNumber":"1082823731477","displayName":"firebase-blog","name":"projects/fir-blog-cb045","resources":{"hostingSite":"fir-blog-cb045","storageBucket":"fir-blog-cb045.appspot.com","locationId":"us-central"},"state":"ACTIVE","etag":"1_fa24316e-b2ba-4b97-9598-62559da41803"}
[info] i  Using project fir-blog-cb045 (firebase-blog) 
[info] 
=== Hosting Setup
[debug] [2024-10-03T10:58:50.704Z] Checked if tokens are valid: true, expires at: 1727956728482
[debug] [2024-10-03T10:58:50.704Z] Checked if tokens are valid: true, expires at: 1727956728482
[debug] [2024-10-03T10:58:50.704Z] >>> [apiv2][query] GET https://firebase.googleapis.com/v1beta1/projects/fir-blog-cb045 [none]
[debug] [2024-10-03T10:58:51.132Z] <<< [apiv2][status] GET https://firebase.googleapis.com/v1beta1/projects/fir-blog-cb045 200
[debug] [2024-10-03T10:58:51.132Z] <<< [apiv2][body] GET https://firebase.googleapis.com/v1beta1/projects/fir-blog-cb045 {"projectId":"fir-blog-cb045","projectNumber":"1082823731477","displayName":"firebase-blog","name":"projects/fir-blog-cb045","resources":{"hostingSite":"fir-blog-cb045","storageBucket":"fir-blog-cb045.appspot.com","locationId":"us-central"},"state":"ACTIVE","etag":"1_fa24316e-b2ba-4b97-9598-62559da41803"}
[info] 
[info] Your public directory is the folder (relative to your project directory) that
[info] will contain Hosting assets to be uploaded with firebase deploy. If you
[info] have a build process for your assets, use your build's output directory.
[info] 
